<?xml version="1.0" encoding="UTF-8"?>
<!-- Generated by org.testng.reporters.JUnitXMLReporter -->
<testsuite ignored="1" hostname="DESKTOP-8DBLLD3" failures="0" tests="1" name="Java Script Test" time="9.083" errors="0" timestamp="2021-10-27T12:07:36 IST">
  <testcase classname="javascript.JavaScriptExecutorExample" name="methodCSSSelector" time="9.025"/>
  <testcase classname="javascript.JavaScriptExecutorExample" name="methodTest" time="0.0">
    <ignored/>
  </testcase> <!-- methodTest -->
</testsuite> <!-- Java Script Test -->
