<?xml version="1.0" encoding="UTF-8"?>
<!-- Generated by org.testng.reporters.JUnitXMLReporter -->
<testsuite ignored="1" hostname="DESKTOP-8DBLLD3" failures="0" tests="1" name="First Test" time="0.051" errors="0" timestamp="2021-10-21T12:35:28 IST">
  <testcase classname="tests.beforeafter.TestClass" name="testOneMethod" time="0.006"/>
  <testcase classname="tests.beforeafter.TestClass" name="testTwoMethod" time="0.0">
    <ignored/>
  </testcase> <!-- testTwoMethod -->
</testsuite> <!-- First Test -->
