<?xml version="1.0" encoding="UTF-8"?>
<!-- Generated by org.testng.reporters.JUnitXMLReporter -->
<testsuite ignored="1" hostname="DESKTOP-8DBLLD3" failures="0" tests="1" name="Second Test" time="0.014" errors="0" timestamp="2021-10-21T12:48:36 IST">
  <testcase classname="tests.beforeafter.TestClass" name="testTwoMethod" time="0.002"/>
  <testcase classname="tests.beforeafter.TestClass" name="testOneMethod" time="0.0">
    <ignored/>
  </testcase> <!-- testOneMethod -->
</testsuite> <!-- Second Test -->
