<?xml version="1.0" encoding="UTF-8"?>
<!-- Generated by org.testng.reporters.JUnitXMLReporter -->
<testsuite ignored="2" hostname="DESKTOP-8DBLLD3" failures="0" tests="2" name="Test" time="0.178" errors="0" timestamp="2021-10-20T15:29:09 IST">
  <testcase classname="tests.FirstTestClass" name="testMethod2" time="0.015"/>
  <testcase classname="tests.SecondTestClass" name="testMethod3" time="0.015"/>
  <testcase classname="tests.FirstTestClass" name="testMethod1" time="0.0">
    <ignored/>
  </testcase> <!-- testMethod1 -->
  <testcase classname="tests.SecondTestClass" name="testMethod4" time="0.0">
    <ignored/>
  </testcase> <!-- testMethod4 -->
</testsuite> <!-- Test -->
