<?xml version="1.0" encoding="UTF-8"?>
<!-- Generated by org.testng.reporters.JUnitXMLReporter -->
<testsuite ignored="0" hostname="DESKTOP-8DBLLD3" failures="0" tests="4" name="Test" time="0.105" errors="0" timestamp="2021-10-20T15:23:12 IST">
  <testcase classname="tests.FirstTestClass" name="testMethod1" time="0.013"/>
  <testcase classname="tests.FirstTestClass" name="testMethod2" time="0.001"/>
  <testcase classname="tests.SecondTestClass" name="testMethod3" time="0.002"/>
  <testcase classname="tests.SecondTestClass" name="testMethod4" time="0.003"/>
</testsuite> <!-- Test -->
