<?xml version="1.0" encoding="UTF-8"?>
<!-- Generated by org.testng.reporters.JUnitXMLReporter -->
<testsuite ignored="2" hostname="DESKTOP-8DBLLD3" failures="0" tests="1" name="Parameter Test One" time="0.065" errors="0" timestamp="2021-10-22T14:20:28 IST">
  <testcase classname="parameter.ParameterTest" name="parameterTestOne" time="0.011"/>
  <testcase classname="parameter.ParameterTest" name="parameterTestTwo" time="0.0">
    <ignored/>
  </testcase> <!-- parameterTestTwo -->
  <testcase classname="parameter.ParameterTest" name="paramterTestThree" time="0.0">
    <ignored/>
  </testcase> <!-- paramterTestThree -->
</testsuite> <!-- Parameter Test One -->
