<?xml version="1.0" encoding="UTF-8"?>
<!-- Generated by org.testng.reporters.JUnitXMLReporter -->
<testsuite ignored="0" hostname="DESKTOP-8DBLLD3" failures="1" tests="2" name="Time Test" time="1.025" errors="0" timestamp="2021-10-21T16:50:55 IST">
  <testcase classname="tests.timetest.TimeSuite" name="timeTestOne" time="0.53">
    <failure type="org.testng.internal.thread.ThreadTimeoutException" message="Method tests.timetest.TimeSuite.timeTestOne() didn&amp;apos;t finish within the time-out 500">
      <![CDATA[org.testng.internal.thread.ThreadTimeoutException: Method tests.timetest.TimeSuite.timeTestOne() didn't finish within the time-out 500
at java.base/java.util.ArrayList.forEach(ArrayList.java:1541)
... Removed 24 stack frames]]>
    </failure>
  </testcase> <!-- timeTestOne -->
  <testcase classname="tests.timetest.TimeSuite" name="timeTestTwo" time="0.411"/>
</testsuite> <!-- Time Test -->
