<?xml version="1.0" encoding="UTF-8"?>
<!-- Generated by org.testng.reporters.JUnitXMLReporter -->
<testsuite ignored="2" hostname="DESKTOP-8DBLLD3" failures="0" tests="4" name="Regular Expression Test" time="0.09" errors="0" timestamp="2021-10-21T11:37:49 IST">
  <testcase classname="regularexpressionpackage.RegularExpClass" name="excludeFirstTest" time="0.012"/>
  <testcase classname="regularexpressionpackage.RegularExpClass" name="excludeSecondTest" time="0.002"/>
  <testcase classname="regularexpressionpackage.RegularExpClass" name="includeFirstTest" time="0.001"/>
  <testcase classname="regularexpressionpackage.RegularExpClass" name="includeSecondTest" time="0.002"/>
  <testcase classname="regularexpressionpackage.RegularExpClass" name="includeMethod" time="0.0">
    <ignored/>
  </testcase> <!-- includeMethod -->
  <testcase classname="regularexpressionpackage.RegularExpClass" name="excludeMethod" time="0.0">
    <ignored/>
  </testcase> <!-- excludeMethod -->
</testsuite> <!-- Regular Expression Test -->
